Running: C:\Xilinx\14.7\ISE_DS\ISE\bin\nt\unwrapped\fuse.exe -intstyle ise -incremental -lib secureip -o Z:/Dropbox/UNI 13-14/2nd Semester/Dsd/Xilinx Projects/Lab5/test_DCM_isim_beh.exe -prj Z:/Dropbox/UNI 13-14/2nd Semester/Dsd/Xilinx Projects/Lab5/test_DCM_beh.prj work.test_DCM 
ISim P.20131013 (signature 0x8ef4fb42)
Number of CPUs detected in this system: 1
Turning on mult-threading, number of parallel sub-compilation jobs: 0 
Determining compilation order of HDL files
Parsing VHDL file "Z:/Dropbox/UNI 13-14/2nd Semester/Dsd/Xilinx Projects/Lab5/ipcore_dir/DCM.vhd" into library work
Parsing VHDL file "Z:/Dropbox/UNI 13-14/2nd Semester/Dsd/Xilinx Projects/Lab5/test_DCM.vhd" into library work
Starting static elaboration
Completed static elaboration
Fuse Memory Usage: 112108 KB
Fuse CPU Usage: 436 ms
Compiling package standard
Compiling package std_logic_1164
Compiling package std_logic_arith
Compiling package std_logic_unsigned
Compiling package numeric_std
Compiling package vcomponents
Compiling package textio
Compiling package vital_timing
Compiling package vital_primitives
Compiling package vpkg
Compiling architecture ibufg_v of entity IBUFG [\IBUFG("DONT_CARE","0",true,"DEF...]
Compiling architecture dcm_sp_clock_divide_by_2_v of entity dcm_sp_clock_divide_by_2 [dcm_sp_clock_divide_by_2_default]
Compiling architecture dcm_sp_maximum_period_check_v of entity dcm_sp_maximum_period_check [\dcm_sp_maximum_period_check("*"...]
Compiling architecture dcm_sp_maximum_period_check_v of entity dcm_sp_maximum_period_check [\dcm_sp_maximum_period_check("*"...]
Compiling architecture dcm_sp_clock_lost_v of entity dcm_sp_clock_lost [dcm_sp_clock_lost_default]
Compiling architecture dcm_sp_v of entity DCM_SP [\DCM_SP(true,"*",true,false,2.0,...]
Compiling architecture bufg_v of entity BUFG [bufg_default]
Compiling architecture xilinx of entity DCM [dcm_default]
Compiling architecture behavior of entity test_dcm
Time Resolution for simulation is 1ps.
Compiled 27 VHDL Units
Built simulation executable Z:/Dropbox/UNI 13-14/2nd Semester/Dsd/Xilinx Projects/Lab5/test_DCM_isim_beh.exe
Fuse Memory Usage: 144088 KB
Fuse CPU Usage: 1185 ms
