ISim log file
Running: Z:\Dropbox\UNI 13-14\2nd Semester\Dsd\Xilinx Projects\Lab5\test_MiniMips_isim_beh.exe -intstyle ise -gui -tclbatch isim.cmd -wdb Z:/Dropbox/UNI 13-14/2nd Semester/Dsd/Xilinx Projects/Lab5/test_MiniMips_isim_beh.wdb 
ISim P.20131013 (signature 0x8ef4fb42)
WARNING: A WEBPACK license was found.
WARNING: Please use Xilinx License Configuration Manager to check out a full ISim license.
WARNING: ISim will run in Lite mode. Please refer to the ISim documentation for more information on the differences between the Lite and the Full version.
This is a Lite version of ISim.
Time resolution is 1 ps
# onerror resume
# wave add /
# run 1000 ns
Simulator is doing circuit initialization process.
Finished circuit initialization process.
# restart
# run 1.00us
Simulator is doing circuit initialization process.
Finished circuit initialization process.
# restart
# run 1.00us
Simulator is doing circuit initialization process.
Finished circuit initialization process.
# restart
# run 9.80us
Simulator is doing circuit initialization process.
Finished circuit initialization process.
# restart
# run 9.90us
Simulator is doing circuit initialization process.
Finished circuit initialization process.
# restart
# run 9.90us
Simulator is doing circuit initialization process.
Finished circuit initialization process.
# restart
# run 9.90us
Simulator is doing circuit initialization process.
Finished circuit initialization process.
# restart
# run 9.90us
Simulator is doing circuit initialization process.
Finished circuit initialization process.
# restart
# run 9.90us
Simulator is doing circuit initialization process.
Finished circuit initialization process.
# restart
# run 9.90us
Simulator is doing circuit initialization process.
Finished circuit initialization process.
# run 9.90us
at 16575 ns(5), Instance /test_minimips/uut/inst_ALU/ : Warning: There is an 'U'|'X'|'W'|'Z'|'-' in an arithmetic operand, the result will be 'X'(es).
# restart
# run 9.90us
Simulator is doing circuit initialization process.
Finished circuit initialization process.
