--------------------------------------------------------------------------------
Release 14.7 Trace  (nt)
Copyright (c) 1995-2013 Xilinx, Inc.  All rights reserved.

C:\Xilinx\14.7\ISE_DS\ISE\bin\nt\unwrapped\trce.exe -intstyle ise -v 3 -s 3 -n
3 -fastpaths -xml MiniMips.twx MiniMips.ncd -o MiniMips.twr MiniMips.pcf -ucf
MiniMips.ucf

Design file:              MiniMips.ncd
Physical constraint file: MiniMips.pcf
Device,package,speed:     xc6slx16,csg324,C,-3 (PRODUCTION 1.23 2013-10-13)
Report level:             verbose report

Environment Variable      Effect 
--------------------      ------ 
NONE                      No environment variables were set
--------------------------------------------------------------------------------

INFO:Timing:2698 - No timing constraints found, doing default enumeration.
INFO:Timing:3412 - To improve timing, see the Timing Closure User Guide (UG612).
INFO:Timing:2752 - To get complete path coverage, use the unconstrained paths 
   option. All paths that are not constrained will be reported in the 
   unconstrained paths section(s) of the report.
INFO:Timing:3339 - The clock-to-out numbers in this timing report are based on 
   a 50 Ohm transmission line loading model.  For the details of this model, 
   and for more information on accounting for different loading conditions, 
   please see the device datasheet.



Data Sheet report:
-----------------
All values displayed in nanoseconds (ns)

Setup/Hold to clock clk_global
------------+------------+------------+------------+------------+------------------+--------+
            |Max Setup to|  Process   |Max Hold to |  Process   |                  | Clock  |
Source      | clk (edge) |   Corner   | clk (edge) |   Corner   |Internal Clock(s) | Phase  |
------------+------------+------------+------------+------------+------------------+--------+
reset_global|    6.313(R)|      SLOW  |   -0.116(R)|      SLOW  |clk_global_BUFGP  |   0.000|
------------+------------+------------+------------+------------+------------------+--------+

Clock clk_global to Pad
--------------+-----------------+------------+-----------------+------------+------------------+--------+
              |Max (slowest) clk|  Process   |Min (fastest) clk|  Process   |                  | Clock  |
Destination   |  (edge) to PAD  |   Corner   |  (edge) to PAD  |   Corner   |Internal Clock(s) | Phase  |
--------------+-----------------+------------+-----------------+------------+------------------+--------+
display_n_o<0>|         9.241(R)|      SLOW  |         4.255(R)|      FAST  |clk_global_BUFGP  |   0.000|
display_n_o<1>|         9.238(R)|      SLOW  |         4.224(R)|      FAST  |clk_global_BUFGP  |   0.000|
display_n_o<2>|         9.347(R)|      SLOW  |         4.316(R)|      FAST  |clk_global_BUFGP  |   0.000|
display_n_o<3>|         9.355(R)|      SLOW  |         4.287(R)|      FAST  |clk_global_BUFGP  |   0.000|
display_n_o<4>|         9.136(R)|      SLOW  |         4.168(R)|      FAST  |clk_global_BUFGP  |   0.000|
display_n_o<5>|         9.256(R)|      SLOW  |         4.248(R)|      FAST  |clk_global_BUFGP  |   0.000|
display_n_o<6>|         9.609(R)|      SLOW  |         4.512(R)|      FAST  |clk_global_BUFGP  |   0.000|
en_n_o<0>     |         7.357(R)|      SLOW  |         3.624(R)|      FAST  |clk_global_BUFGP  |   0.000|
en_n_o<1>     |         7.437(R)|      SLOW  |         3.702(R)|      FAST  |clk_global_BUFGP  |   0.000|
en_n_o<2>     |         7.833(R)|      SLOW  |         3.899(R)|      FAST  |clk_global_BUFGP  |   0.000|
en_n_o<3>     |         7.888(R)|      SLOW  |         3.949(R)|      FAST  |clk_global_BUFGP  |   0.000|
--------------+-----------------+------------+-----------------+------------+------------------+--------+

Clock to Setup on destination clock clk_global
---------------+---------+---------+---------+---------+
               | Src:Rise| Src:Fall| Src:Rise| Src:Fall|
Source Clock   |Dest:Rise|Dest:Rise|Dest:Fall|Dest:Fall|
---------------+---------+---------+---------+---------+
clk_global     |    8.230|         |         |         |
---------------+---------+---------+---------+---------+


Analysis completed Tue May 20 11:36:30 2014 
--------------------------------------------------------------------------------

Trace Settings:
-------------------------
Trace Settings 

Peak Memory Usage: 191 MB



